<?xml version="1.0" encoding="UTF-8"?>
<testsuite name="com.telran.phonebook.tests.LoginTests" tests="1" skipped="0" failures="0" errors="0" timestamp="2022-09-11T21:34:58" hostname="LAPTOP-VV3CO11J" time="1.268">
  <properties/>
  <testcase name="loginPositiveTest" classname="com.telran.phonebook.tests.LoginTests" time="1.268"/>
  <system-out><![CDATA[00:34:58.084 [Test worker] INFO  com.telran.phonebook.tests.TestBase - Start Test
00:34:59.423 [Test worker] INFO  com.telran.phonebook.tests.TestBase - Stop Test
]]></system-out>
  <system-err><![CDATA[Starting ChromeDriver 104.0.5112.79 (3cf3e8c8a07d104b9e1260c910efb8f383285dc5-refs/branch-heads/5112@{#1307}) on port 10652
Only local connections are allowed.
Please see https://chromedriver.chromium.org/security-considerations for suggestions on keeping ChromeDriver safe.
ChromeDriver was started successfully.
[1662932097.534][WARNING]: This version of ChromeDriver has not been tested with Chrome version 105.
????. 12, 2022 12:34:57 AM org.openqa.selenium.remote.ProtocolHandshake createSession
INFO: Detected dialect: W3C
]]></system-err>
</testsuite>
