<?xml version="1.0" encoding="UTF-8"?>
<testsuite name="com.telran.phonebook.tests.CreateAccountTests" tests="1" skipped="0" failures="0" errors="0" timestamp="2022-09-19T01:05:55" hostname="LAPTOP-VV3CO11J" time="25.232">
  <properties/>
  <testcase name="createAccountNegativeTestWithoutPassword" classname="com.telran.phonebook.tests.CreateAccountTests" time="25.232"/>
  <system-out><![CDATA[04:05:55.551 [Test worker] INFO  com.telran.phonebook.tests.TestBase - Start Test with method createAccountNegativeTestWithoutPassword with data: []
04:06:20.857 [Test worker] INFO  com.telran.phonebook.tests.TestBase - PASSED: test method createAccountNegativeTestWithoutPassword
04:06:20.857 [Test worker] INFO  com.telran.phonebook.tests.TestBase - ====================================
]]></system-out>
  <system-err><![CDATA[Starting ChromeDriver 104.0.5112.79 (3cf3e8c8a07d104b9e1260c910efb8f383285dc5-refs/branch-heads/5112@{#1307}) on port 1716
Only local connections are allowed.
Please see https://chromedriver.chromium.org/security-considerations for suggestions on keeping ChromeDriver safe.
ChromeDriver was started successfully.
[1663549554.723][WARNING]: This version of ChromeDriver has not been tested with Chrome version 105.
????. 19, 2022 4:05:54 AM org.openqa.selenium.remote.ProtocolHandshake createSession
INFO: Detected dialect: W3C
]]></system-err>
</testsuite>
